*ERROR* 	2014/03/02 - 02:39:06: Unknown column 'sa.position' in 'field list'<br /><br /><pre>
		SELECT SQL_CALC_FOUND_ROWS
		a.`id_category`,`name`,`description`,sa.position as position,`active`
		
		FROM `ps_category` a
		LEFT JOIN `ps_category_lang` b ON (b.`id_category` = a.`id_category` AND b.`id_lang` = 1)
		
		
		WHERE 1 
		
		
		ORDER BY a.`id_category` ASC LIMIT 0,50</pre> at line 613 in file classes/db/Db.php
*ERROR* 	2014/03/02 - 02:39:22: Unknown column 'sa.position' in 'field list'<br /><br /><pre>
		SELECT SQL_CALC_FOUND_ROWS
		a.`id_category`,`name`,`description`,sa.position as position,`active`
		
		FROM `ps_category` a
		LEFT JOIN `ps_category_lang` b ON (b.`id_category` = a.`id_category` AND b.`id_lang` = 1)
		
		
		WHERE 1 
		
		
		ORDER BY a.`id_category` ASC LIMIT 0,50</pre> at line 613 in file classes/db/Db.php
*ERROR* 	2014/03/02 - 02:40:27: Unknown column 'sa.position' in 'field list'<br /><br /><pre>
		SELECT SQL_CALC_FOUND_ROWS
		a.`id_category`,`name`,`description`,sa.position as position,`active`
		
		FROM `ps_category` a
		LEFT JOIN `ps_category_lang` b ON (b.`id_category` = a.`id_category` AND b.`id_lang` = 1)
		
		
		WHERE 1 
		
		
		ORDER BY a.`id_category` ASC LIMIT 0,50</pre> at line 613 in file classes/db/Db.php
*ERROR* 	2014/03/02 - 16:55:06: Module isbn not found at line 49 in file classes/controller/ModuleAdminController.php
*ERROR* 	2014/03/02 - 16:55:22: Module isbn not found at line 49 in file classes/controller/ModuleAdminController.php
*ERROR* 	2014/03/02 - 16:56:14: Module isbn not found at line 49 in file classes/controller/ModuleAdminController.php
